<?xml version="1.0" encoding="UTF-8"?>
<!-- Generated by org.testng.reporters.JUnitReportReporter -->
<testsuite hostname="LIN80030175" failures="0" tests="1" name="DragDrop" time="14.475" errors="0" timestamp="28 Sep 2022 06:20:43 GMT">
  <testcase classname="DragDrop" name="test1" time="14.475"/>
</testsuite> <!-- DragDrop -->
